2024-12-18 01:57:58,624 [31m[1mWARNING: This is a development server. Do not use it in a production deployment. Use a production WSGI server instead.[0m
 * Running on all addresses (0.0.0.0)
 * Running on http://127.0.0.1:5000
 * Running on http://192.168.31.61:5000
2024-12-18 01:57:58,625 [33mPress CTRL+C to quit[0m
2024-12-18 02:01:41,528 [31m[1mWARNING: This is a development server. Do not use it in a production deployment. Use a production WSGI server instead.[0m
 * Running on all addresses (0.0.0.0)
 * Running on http://127.0.0.1:5000
 * Running on http://192.168.31.61:5000
2024-12-18 02:01:41,528 [33mPress CTRL+C to quit[0m
2024-12-18 02:02:12,751 127.0.0.1 - - [18/Dec/2024 02:02:12] "[33mGET /favicon.ico HTTP/1.1[0m" 404 -
2024-12-18 02:02:16,537 127.0.0.1 - - [18/Dec/2024 02:02:16] "GET / HTTP/1.1" 200 -
2024-12-18 02:02:16,656 127.0.0.1 - - [18/Dec/2024 02:02:16] "[36mGET /static/css/style.css HTTP/1.1[0m" 304 -
2024-12-18 02:02:29,476 Flipkart Homepage
2024-12-18 02:02:32,500 Sending search String
2024-12-18 02:02:38,198 Error: 'list' object has no attribute 'click'
2024-12-18 02:02:38,199 127.0.0.1 - - [18/Dec/2024 02:02:38] "POST /review HTTP/1.1" 200 -
2024-12-18 02:07:23,193 [31m[1mWARNING: This is a development server. Do not use it in a production deployment. Use a production WSGI server instead.[0m
 * Running on all addresses (0.0.0.0)
 * Running on http://127.0.0.1:5000
 * Running on http://192.168.31.61:5000
2024-12-18 02:07:23,193 [33mPress CTRL+C to quit[0m
2024-12-18 02:07:38,415 127.0.0.1 - - [18/Dec/2024 02:07:38] "GET / HTTP/1.1" 200 -
2024-12-18 02:07:38,481 127.0.0.1 - - [18/Dec/2024 02:07:38] "[36mGET /static/css/style.css HTTP/1.1[0m" 304 -
2024-12-18 02:07:47,422 Flipkart Homepage
2024-12-18 02:07:50,441 Sending search String
2024-12-18 02:07:56,475 found product links
2024-12-18 02:07:56,490 Error extracting details: Message: no such element: Unable to locate element: {"method":"xpath","selector":"//*[contains(@class,'_6EBuvT')]//span"}
  (Session info: chrome=131.0.6778.140); For documentation on this error, please visit: https://www.selenium.dev/documentation/webdriver/troubleshooting/errors#no-such-element-exception
Stacktrace:
	GetHandleVerifier [0x00007FF60B2E6CC5+28821]
	(No symbol) [0x00007FF60B253850]
	(No symbol) [0x00007FF60B0F578A]
	(No symbol) [0x00007FF60B1491BE]
	(No symbol) [0x00007FF60B1494AC]
	(No symbol) [0x00007FF60B192647]
	(No symbol) [0x00007FF60B16F33F]
	(No symbol) [0x00007FF60B18F412]
	(No symbol) [0x00007FF60B16F0A3]
	(No symbol) [0x00007FF60B13A778]
	(No symbol) [0x00007FF60B13B8E1]
	GetHandleVerifier [0x00007FF60B61FCCD+3408029]
	GetHandleVerifier [0x00007FF60B63743F+3504143]
	GetHandleVerifier [0x00007FF60B62B61D+3455469]
	GetHandleVerifier [0x00007FF60B3ABDCB+835995]
	(No symbol) [0x00007FF60B25EB6F]
	(No symbol) [0x00007FF60B25A824]
	(No symbol) [0x00007FF60B25A9BD]
	(No symbol) [0x00007FF60B24A1A9]
	BaseThreadInitThunk [0x00007FFA1EA4259D+29]
	RtlUserThreadStart [0x00007FFA2036AF38+40]

2024-12-18 02:07:56,490 closing the current tab
2024-12-18 02:07:56,666 going back to to the products tab
2024-12-18 02:07:58,376 Error: Message: invalid session id
Stacktrace:
	GetHandleVerifier [0x00007FF60B2E6CC5+28821]
	(No symbol) [0x00007FF60B253850]
	(No symbol) [0x00007FF60B0F55B9]
	(No symbol) [0x00007FF60B13A48E]
	(No symbol) [0x00007FF60B13B8E1]
	GetHandleVerifier [0x00007FF60B61FCCD+3408029]
	GetHandleVerifier [0x00007FF60B63743F+3504143]
	GetHandleVerifier [0x00007FF60B62B61D+3455469]
	GetHandleVerifier [0x00007FF60B3ABDCB+835995]
	(No symbol) [0x00007FF60B25EB6F]
	(No symbol) [0x00007FF60B25A824]
	(No symbol) [0x00007FF60B25A9BD]
	(No symbol) [0x00007FF60B24A1A9]
	BaseThreadInitThunk [0x00007FFA1EA4259D+29]
	RtlUserThreadStart [0x00007FFA2036AF38+40]

2024-12-18 02:07:58,376 127.0.0.1 - - [18/Dec/2024 02:07:58] "POST /review HTTP/1.1" 200 -
2024-12-18 02:21:14,458 [31m[1mWARNING: This is a development server. Do not use it in a production deployment. Use a production WSGI server instead.[0m
 * Running on all addresses (0.0.0.0)
 * Running on http://127.0.0.1:5000
 * Running on http://192.168.31.61:5000
2024-12-18 02:21:14,459 [33mPress CTRL+C to quit[0m
2024-12-18 02:21:34,994 127.0.0.1 - - [18/Dec/2024 02:21:34] "GET / HTTP/1.1" 200 -
2024-12-18 02:21:35,146 127.0.0.1 - - [18/Dec/2024 02:21:35] "[36mGET /static/css/style.css HTTP/1.1[0m" 304 -
2024-12-18 02:21:44,711 Flipkart Homepage
2024-12-18 02:21:47,728 Sending search String
2024-12-18 02:21:53,397 found product links
2024-12-18 02:21:53,481 Opeing the product in new tab
2024-12-18 02:21:56,737 going to new tab which is open
2024-12-18 02:21:59,778 Product name fetched Apple iPhone 16 (Ultramarine, 256 GB)
2024-12-18 02:21:59,960 closing the current tab
2024-12-18 02:22:00,032 going back to to the products tab
2024-12-18 02:22:03,298 127.0.0.1 - - [18/Dec/2024 02:22:03] "POST /review HTTP/1.1" 200 -
2024-12-18 02:22:03,323 127.0.0.1 - - [18/Dec/2024 02:22:03] "[36mGET /static/css/style.css HTTP/1.1[0m" 304 -
INFO:werkzeug:[31m[1mWARNING: This is a development server. Do not use it in a production deployment. Use a production WSGI server instead.[0m
 * Running on all addresses (0.0.0.0)
 * Running on http://127.0.0.1:8000
 * Running on http://192.168.31.61:8000
INFO:werkzeug:[33mPress CTRL+C to quit[0m
ERROR:Image_Scrapper:Exception on / [GET]
Traceback (most recent call last):
  File "D:\Python\web\venv\Lib\site-packages\flask\app.py", line 1511, in wsgi_app
    response = self.full_dispatch_request()
  File "D:\Python\web\venv\Lib\site-packages\flask\app.py", line 919, in full_dispatch_request
    rv = self.handle_user_exception(e)
  File "D:\Python\web\venv\Lib\site-packages\flask\app.py", line 917, in full_dispatch_request
    rv = self.dispatch_request()
  File "D:\Python\web\venv\Lib\site-packages\flask\app.py", line 902, in dispatch_request
    return self.ensure_sync(self.view_functions[rule.endpoint])(**view_args)  # type: ignore[no-any-return]
           ~~~~~~~~~~~~~~~~~~~~~~~~~~~~~~~~~~~~~~~~~~~~~~~~~~~~^^^^^^^^^^^^^
  File "d:\Python\web\Image_Scrapper.py", line 15, in homepage
    return render_template("index.html")
  File "D:\Python\web\venv\Lib\site-packages\flask\templating.py", line 149, in render_template
    template = app.jinja_env.get_or_select_template(template_name_or_list)
  File "D:\Python\web\venv\Lib\site-packages\jinja2\environment.py", line 1084, in get_or_select_template
    return self.get_template(template_name_or_list, parent, globals)
           ~~~~~~~~~~~~~~~~~^^^^^^^^^^^^^^^^^^^^^^^^^^^^^^^^^^^^^^^^
  File "D:\Python\web\venv\Lib\site-packages\jinja2\environment.py", line 1013, in get_template
    return self._load_template(name, globals)
           ~~~~~~~~~~~~~~~~~~~^^^^^^^^^^^^^^^
  File "D:\Python\web\venv\Lib\site-packages\jinja2\environment.py", line 972, in _load_template
    template = self.loader.load(self, name, self.make_globals(globals))
  File "D:\Python\web\venv\Lib\site-packages\jinja2\loaders.py", line 126, in load
    source, filename, uptodate = self.get_source(environment, name)
                                 ~~~~~~~~~~~~~~~^^^^^^^^^^^^^^^^^^^
  File "D:\Python\web\venv\Lib\site-packages\flask\templating.py", line 65, in get_source
    return self._get_source_fast(environment, template)
           ~~~~~~~~~~~~~~~~~~~~~^^^^^^^^^^^^^^^^^^^^^^^
  File "D:\Python\web\venv\Lib\site-packages\flask\templating.py", line 99, in _get_source_fast
    raise TemplateNotFound(template)
jinja2.exceptions.TemplateNotFound: index.html
INFO:werkzeug:127.0.0.1 - - [19/Dec/2024 21:56:02] "[35m[1mGET / HTTP/1.1[0m" 500 -
INFO:werkzeug:127.0.0.1 - - [19/Dec/2024 21:56:03] "[33mGET /favicon.ico HTTP/1.1[0m" 404 -
ERROR:Image_Scrapper:Exception on / [GET]
Traceback (most recent call last):
  File "D:\Python\web\venv\Lib\site-packages\flask\app.py", line 1511, in wsgi_app
    response = self.full_dispatch_request()
  File "D:\Python\web\venv\Lib\site-packages\flask\app.py", line 919, in full_dispatch_request
    rv = self.handle_user_exception(e)
  File "D:\Python\web\venv\Lib\site-packages\flask\app.py", line 917, in full_dispatch_request
    rv = self.dispatch_request()
  File "D:\Python\web\venv\Lib\site-packages\flask\app.py", line 902, in dispatch_request
    return self.ensure_sync(self.view_functions[rule.endpoint])(**view_args)  # type: ignore[no-any-return]
           ~~~~~~~~~~~~~~~~~~~~~~~~~~~~~~~~~~~~~~~~~~~~~~~~~~~~^^^^^^^^^^^^^
  File "d:\Python\web\Image_Scrapper.py", line 15, in homepage
    return render_template("index.html")
  File "D:\Python\web\venv\Lib\site-packages\flask\templating.py", line 149, in render_template
    template = app.jinja_env.get_or_select_template(template_name_or_list)
  File "D:\Python\web\venv\Lib\site-packages\jinja2\environment.py", line 1084, in get_or_select_template
    return self.get_template(template_name_or_list, parent, globals)
           ~~~~~~~~~~~~~~~~~^^^^^^^^^^^^^^^^^^^^^^^^^^^^^^^^^^^^^^^^
  File "D:\Python\web\venv\Lib\site-packages\jinja2\environment.py", line 1013, in get_template
    return self._load_template(name, globals)
           ~~~~~~~~~~~~~~~~~~~^^^^^^^^^^^^^^^
  File "D:\Python\web\venv\Lib\site-packages\jinja2\environment.py", line 972, in _load_template
    template = self.loader.load(self, name, self.make_globals(globals))
  File "D:\Python\web\venv\Lib\site-packages\jinja2\loaders.py", line 126, in load
    source, filename, uptodate = self.get_source(environment, name)
                                 ~~~~~~~~~~~~~~~^^^^^^^^^^^^^^^^^^^
  File "D:\Python\web\venv\Lib\site-packages\flask\templating.py", line 65, in get_source
    return self._get_source_fast(environment, template)
           ~~~~~~~~~~~~~~~~~~~~~^^^^^^^^^^^^^^^^^^^^^^^
  File "D:\Python\web\venv\Lib\site-packages\flask\templating.py", line 99, in _get_source_fast
    raise TemplateNotFound(template)
jinja2.exceptions.TemplateNotFound: index.html
INFO:werkzeug:127.0.0.1 - - [19/Dec/2024 21:56:05] "[35m[1mGET / HTTP/1.1[0m" 500 -
INFO:werkzeug:[31m[1mWARNING: This is a development server. Do not use it in a production deployment. Use a production WSGI server instead.[0m
 * Running on all addresses (0.0.0.0)
 * Running on http://127.0.0.1:8000
 * Running on http://192.168.31.61:8000
INFO:werkzeug:[33mPress CTRL+C to quit[0m
ERROR:Image_Scrapper:Exception on / [GET]
Traceback (most recent call last):
  File "D:\Python\web\venv\Lib\site-packages\flask\app.py", line 1511, in wsgi_app
    response = self.full_dispatch_request()
  File "D:\Python\web\venv\Lib\site-packages\flask\app.py", line 919, in full_dispatch_request
    rv = self.handle_user_exception(e)
  File "D:\Python\web\venv\Lib\site-packages\flask\app.py", line 917, in full_dispatch_request
    rv = self.dispatch_request()
  File "D:\Python\web\venv\Lib\site-packages\flask\app.py", line 902, in dispatch_request
    return self.ensure_sync(self.view_functions[rule.endpoint])(**view_args)  # type: ignore[no-any-return]
           ~~~~~~~~~~~~~~~~~~~~~~~~~~~~~~~~~~~~~~~~~~~~~~~~~~~~^^^^^^^^^^^^^
  File "d:\Python\web\Image_Scrapper.py", line 15, in homepage
    return render_template("index.html")
  File "D:\Python\web\venv\Lib\site-packages\flask\templating.py", line 149, in render_template
    template = app.jinja_env.get_or_select_template(template_name_or_list)
  File "D:\Python\web\venv\Lib\site-packages\jinja2\environment.py", line 1084, in get_or_select_template
    return self.get_template(template_name_or_list, parent, globals)
           ~~~~~~~~~~~~~~~~~^^^^^^^^^^^^^^^^^^^^^^^^^^^^^^^^^^^^^^^^
  File "D:\Python\web\venv\Lib\site-packages\jinja2\environment.py", line 1013, in get_template
    return self._load_template(name, globals)
           ~~~~~~~~~~~~~~~~~~~^^^^^^^^^^^^^^^
  File "D:\Python\web\venv\Lib\site-packages\jinja2\environment.py", line 972, in _load_template
    template = self.loader.load(self, name, self.make_globals(globals))
  File "D:\Python\web\venv\Lib\site-packages\jinja2\loaders.py", line 126, in load
    source, filename, uptodate = self.get_source(environment, name)
                                 ~~~~~~~~~~~~~~~^^^^^^^^^^^^^^^^^^^
  File "D:\Python\web\venv\Lib\site-packages\flask\templating.py", line 65, in get_source
    return self._get_source_fast(environment, template)
           ~~~~~~~~~~~~~~~~~~~~~^^^^^^^^^^^^^^^^^^^^^^^
  File "D:\Python\web\venv\Lib\site-packages\flask\templating.py", line 99, in _get_source_fast
    raise TemplateNotFound(template)
jinja2.exceptions.TemplateNotFound: index.html
INFO:werkzeug:127.0.0.1 - - [19/Dec/2024 21:56:47] "[35m[1mGET / HTTP/1.1[0m" 500 -
2024-12-21 13:50:53,686 [31m[1mWARNING: This is a development server. Do not use it in a production deployment. Use a production WSGI server instead.[0m
 * Running on all addresses (0.0.0.0)
 * Running on http://127.0.0.1:8000
 * Running on http://192.168.31.61:8000
2024-12-21 13:50:53,686 [33mPress CTRL+C to quit[0m
2024-12-21 13:51:00,362 192.168.31.61 - - [21/Dec/2024 13:51:00] "GET / HTTP/1.1" 200 -
2024-12-21 13:51:00,623 192.168.31.61 - - [21/Dec/2024 13:51:00] "[36mGET /static/css/style.css HTTP/1.1[0m" 304 -
2024-12-21 13:51:00,624 192.168.31.61 - - [21/Dec/2024 13:51:00] "[36mGET /static/css/main.css HTTP/1.1[0m" 304 -
2024-12-21 13:51:06,794 Message: Unable to obtain driver for chrome; For documentation on this error, please visit: https://www.selenium.dev/documentation/webdriver/troubleshooting/errors/driver_location

2024-12-21 13:51:06,794 192.168.31.61 - - [21/Dec/2024 13:51:06] "POST /review HTTP/1.1" 200 -
2024-12-21 13:57:09,920 [31m[1mWARNING: This is a development server. Do not use it in a production deployment. Use a production WSGI server instead.[0m
 * Running on all addresses (0.0.0.0)
 * Running on http://127.0.0.1:8000
 * Running on http://192.168.31.61:8000
2024-12-21 13:57:09,921 [33mPress CTRL+C to quit[0m
2024-12-21 13:57:16,242 192.168.31.61 - - [21/Dec/2024 13:57:16] "GET / HTTP/1.1" 200 -
2024-12-21 13:57:16,582 192.168.31.61 - - [21/Dec/2024 13:57:16] "[36mGET /static/css/main.css HTTP/1.1[0m" 304 -
2024-12-21 13:57:16,583 192.168.31.61 - - [21/Dec/2024 13:57:16] "[36mGET /static/css/style.css HTTP/1.1[0m" 304 -
2024-12-21 13:57:48,872 Extracting images
2024-12-21 14:02:19,843 192.168.31.61 - - [21/Dec/2024 14:02:19] "POST /review HTTP/1.1" 200 -
